<?xml version="1.0" encoding="UTF-8"?>
<!-- Generated by org.testng.reporters.JUnitReportReporter -->
<testsuite skipped="0" hostname="SOYEBs-MacBook-Air.local" name="testngrunner.Adda.TestNGRunner" tests="2" failures="0" timestamp="2020-11-03T21:20:52 EST" time="112.135" errors="0">
  <testcase name="feature" time="13.752" classname="testngrunner.Adda.TestNGRunner"/>
  <system-out/>
  <testcase name="feature" time="98.383" classname="testngrunner.Adda.TestNGRunner"/>
  <system-out/>
</testsuite> <!-- testngrunner.Adda.TestNGRunner -->
