<?xml version="1.0" encoding="UTF-8"?>
<!-- Generated by org.testng.reporters.JUnitReportReporter -->
<testsuite skipped="0" hostname="SOYEBs-MacBook-Air.local" name="resources.Base" tests="1" failures="0" timestamp="2020-10-29T00:57:38 EDT" time="18.654" errors="0">
  <testcase name="run" time="18.654" classname="resources.Base"/>
  <system-out/>
</testsuite> <!-- resources.Base -->
