<?xml version="1.0" encoding="UTF-8"?>
<!-- Generated by org.testng.reporters.JUnitReportReporter -->
<testsuite skipped="0" hostname="SOYEBs-MacBook-Air.local" name="testngrunner.Adda.TestNGRunner" tests="2" failures="0" timestamp="2020-10-30T19:33:56 EDT" time="17.406" errors="0">
  <testcase name="feature" time="2.406" classname="testngrunner.Adda.TestNGRunner"/>
  <system-out/>
  <testcase name="feature" time="15.000" classname="testngrunner.Adda.TestNGRunner"/>
  <system-out/>
</testsuite> <!-- testngrunner.Adda.TestNGRunner -->
