<?xml version="1.0" encoding="UTF-8"?>
<!-- Generated by org.testng.reporters.JUnitReportReporter -->
<testsuite skipped="0" hostname="SOYEBs-MacBook-Air.local" name="testngrunner.Adda.TestNgRunner" tests="1" failures="0" timestamp="2020-10-29T02:06:23 EDT" time="4.611" errors="0">
  <testcase name="feature" time="4.611" classname="testngrunner.Adda.TestNgRunner"/>
  <system-out/>
</testsuite> <!-- testngrunner.Adda.TestNgRunner -->
