<?xml version="1.0" encoding="UTF-8"?>
<!-- Generated by org.testng.reporters.JUnitReportReporter -->
<testsuite skipped="0" hostname="SOYEBs-MacBook-Air.local" name="testngrunner.Adda.LogInPageTestNGRunner" tests="2" failures="0" timestamp="2020-10-30T00:37:09 EDT" time="7.825" errors="0">
  <testcase name="feature" time="0.413" classname="testngrunner.Adda.LogInPageTestNGRunner"/>
  <system-out/>
  <testcase name="feature" time="7.412" classname="testngrunner.Adda.LogInPageTestNGRunner"/>
  <system-out/>
</testsuite> <!-- testngrunner.Adda.LogInPageTestNGRunner -->
