<?xml version="1.0" encoding="UTF-8"?>
<!-- Generated by org.testng.reporters.JUnitReportReporter -->
<testsuite hostname="SOYEBs-MacBook-Air.local" failures="0" tests="1" name="testngrunner.Adda.TestNgRunner" time="6.602" errors="0" timestamp="29 Oct 2020 06:17:38 GMT" skipped="0">
  <testcase classname="testngrunner.Adda.TestNgRunner" name="feature" time="6.602"/>
</testsuite> <!-- testngrunner.Adda.TestNgRunner -->
