<?xml version="1.0" encoding="UTF-8"?>
<!-- Generated by org.testng.reporters.JUnitReportReporter -->
<testsuite hostname="SOYEBs-MacBook-Air.local" failures="0" tests="2" name="testngrunner.Adda.TestNGRunner" time="14.477" errors="0" timestamp="30 Oct 2020 23:34:27 GMT" skipped="0">
  <testcase classname="testngrunner.Adda.TestNGRunner" name="feature" time="2.252"/>
  <testcase classname="testngrunner.Adda.TestNGRunner" name="feature" time="12.225"/>
</testsuite> <!-- testngrunner.Adda.TestNGRunner -->
